Cloning "https://github.com/CoreHive/redhatchallenge.git" ...
	Commit:	14219e84993f04d57543afe189eb1c94292c67ab (redhat-challange9)
	Author:	Madhu Konidena <mkonidena@Madhus-MBP.fios-router.home>
	Date:	Wed Jan 6 21:38:21 2021 -0500
Transaction Summary
========================================================================================================
Install  257 Packages

Total download size: 210 M
Installed size: 704 M
Is this ok [y/N]: Operation aborted.
Last metadata expiration check: 0:00:15 ago on Thu Jan  7 03:20:43 2021.
Dependencies resolved.
================================================================================
 Package               Arch       Version                    Repository    Size
================================================================================
Installing:
 gcc                   ppc64le    8.3.1-5.1.el8              appstream     21 M
 make                  ppc64le    1:4.2.1-10.el8             baseos       503 k
Installing dependencies:
 cpp                   ppc64le    8.3.1-5.1.el8              appstream     11 M
 glibc-devel           ppc64le    2.28-127.el8               baseos       1.0 M
 glibc-headers         ppc64le    2.28-127.el8               baseos       474 k
 isl                   ppc64le    0.16.1-6.el8               appstream    1.2 M
 kernel-headers        ppc64le    4.18.0-240.1.1.el8_3       baseos       5.5 M
 libasan               ppc64le    8.3.1-5.1.el8              baseos       436 k
 libatomic             ppc64le    8.3.1-5.1.el8              baseos        23 k
 libgomp               ppc64le    8.3.1-5.1.el8              baseos       209 k
 libmpc                ppc64le    1.0.2-9.el8                appstream     63 k
 libpkgconf            ppc64le    1.4.2-1.el8                baseos        38 k
 libubsan              ppc64le    8.3.1-5.1.el8              baseos       162 k
 libxcrypt-devel       ppc64le    4.1.1-4.el8                baseos        25 k
 pkgconf               ppc64le    1.4.2-1.el8                baseos        39 k
 pkgconf-m4            noarch     1.4.2-1.el8                baseos        17 k
 pkgconf-pkg-config    ppc64le    1.4.2-1.el8                baseos        15 k

Transaction Summary
================================================================================
Install  17 Packages

Total download size: 41 M
Installed size: 97 M
Downloading Packages:
(1/17): isl-0.16.1-6.el8.ppc64le.rpm            1.5 MB/s | 1.2 MB     00:00    
(2/17): libmpc-1.0.2-9.el8.ppc64le.rpm          161 kB/s |  63 kB     00:00    
(3/17): cpp-8.3.1-5.1.el8.ppc64le.rpm           6.0 MB/s |  11 MB     00:01    
(4/17): gcc-8.3.1-5.1.el8.ppc64le.rpm           9.8 MB/s |  21 MB     00:02    
(5/17): glibc-headers-2.28-127.el8.ppc64le.rpm  919 kB/s | 474 kB     00:00    
(6/17): libasan-8.3.1-5.1.el8.ppc64le.rpm       5.2 MB/s | 436 kB     00:00    
(7/17): glibc-devel-2.28-127.el8.ppc64le.rpm    888 kB/s | 1.0 MB     00:01    
(8/17): libatomic-8.3.1-5.1.el8.ppc64le.rpm     397 kB/s |  23 kB     00:00    
(9/17): libgomp-8.3.1-5.1.el8.ppc64le.rpm       1.9 MB/s | 209 kB     00:00    
(10/17): libpkgconf-1.4.2-1.el8.ppc64le.rpm     481 kB/s |  38 kB     00:00    
(11/17): libubsan-8.3.1-5.1.el8.ppc64le.rpm     2.5 MB/s | 162 kB     00:00    
(12/17): libxcrypt-devel-4.1.1-4.el8.ppc64le.rp 452 kB/s |  25 kB     00:00    
(13/17): pkgconf-1.4.2-1.el8.ppc64le.rpm        498 kB/s |  39 kB     00:00    
(14/17): pkgconf-m4-1.4.2-1.el8.noarch.rpm      287 kB/s |  17 kB     00:00    
(15/17): make-4.2.1-10.el8.ppc64le.rpm          3.3 MB/s | 503 kB     00:00    
(16/17): pkgconf-pkg-config-1.4.2-1.el8.ppc64le 300 kB/s |  15 kB     00:00    
(17/17): kernel-headers-4.18.0-240.1.1.el8_3.pp 1.5 MB/s | 5.5 MB     00:03    
--------------------------------------------------------------------------------
Total                                           3.3 MB/s |  41 MB     00:12     
Running transaction check
Transaction check succeeded.
Running transaction test
Transaction test succeeded.
Running transaction
  Preparing        :                                                        1/1 
  Installing       : libmpc-1.0.2-9.el8.ppc64le                            1/17 
  Running scriptlet: libmpc-1.0.2-9.el8.ppc64le                            1/17 
  Installing       : cpp-8.3.1-5.1.el8.ppc64le                             2/17 
  Running scriptlet: cpp-8.3.1-5.1.el8.ppc64le                             2/17 
  Installing       : pkgconf-m4-1.4.2-1.el8.noarch                         3/17 
  Installing       : libubsan-8.3.1-5.1.el8.ppc64le                        4/17 
  Running scriptlet: libubsan-8.3.1-5.1.el8.ppc64le                        4/17 
  Installing       : libpkgconf-1.4.2-1.el8.ppc64le                        5/17 
  Installing       : pkgconf-1.4.2-1.el8.ppc64le                           6/17 
  Installing       : pkgconf-pkg-config-1.4.2-1.el8.ppc64le                7/17 
  Installing       : libgomp-8.3.1-5.1.el8.ppc64le                         8/17 
  Running scriptlet: libgomp-8.3.1-5.1.el8.ppc64le                         8/17 
  Installing       : libatomic-8.3.1-5.1.el8.ppc64le                       9/17 
  Running scriptlet: libatomic-8.3.1-5.1.el8.ppc64le                       9/17 
  Installing       : libasan-8.3.1-5.1.el8.ppc64le                        10/17 
  Running scriptlet: libasan-8.3.1-5.1.el8.ppc64le                        10/17 
  Installing       : kernel-headers-4.18.0-240.1.1.el8_3.ppc64le          11/17 
  Running scriptlet: glibc-headers-2.28-127.el8.ppc64le                   12/17 
  Installing       : glibc-headers-2.28-127.el8.ppc64le                   12/17 
  Installing       : libxcrypt-devel-4.1.1-4.el8.ppc64le                  13/17 
  Installing       : glibc-devel-2.28-127.el8.ppc64le                     14/17 
  Running scriptlet: glibc-devel-2.28-127.el8.ppc64le                     14/17 
  Installing       : isl-0.16.1-6.el8.ppc64le                             15/17 
  Running scriptlet: isl-0.16.1-6.el8.ppc64le                             15/17 
  Installing       : gcc-8.3.1-5.1.el8.ppc64le                            16/17 
  Running scriptlet: gcc-8.3.1-5.1.el8.ppc64le                            16/17 
  Installing       : make-1:4.2.1-10.el8.ppc64le                          17/17 
  Running scriptlet: make-1:4.2.1-10.el8.ppc64le                          17/17 
  Verifying        : cpp-8.3.1-5.1.el8.ppc64le                             1/17 
  Verifying        : gcc-8.3.1-5.1.el8.ppc64le                             2/17 
  Verifying        : isl-0.16.1-6.el8.ppc64le                              3/17 
  Verifying        : libmpc-1.0.2-9.el8.ppc64le                            4/17 
  Verifying        : glibc-devel-2.28-127.el8.ppc64le                      5/17 
  Verifying        : glibc-headers-2.28-127.el8.ppc64le                    6/17 
  Verifying        : kernel-headers-4.18.0-240.1.1.el8_3.ppc64le           7/17 
  Verifying        : libasan-8.3.1-5.1.el8.ppc64le                         8/17 
  Verifying        : libatomic-8.3.1-5.1.el8.ppc64le                       9/17 
  Verifying        : libgomp-8.3.1-5.1.el8.ppc64le                        10/17 
  Verifying        : libpkgconf-1.4.2-1.el8.ppc64le                       11/17 
  Verifying        : libubsan-8.3.1-5.1.el8.ppc64le                       12/17 
  Verifying        : libxcrypt-devel-4.1.1-4.el8.ppc64le                  13/17 
  Verifying        : make-1:4.2.1-10.el8.ppc64le                          14/17 
  Verifying        : pkgconf-1.4.2-1.el8.ppc64le                          15/17 
  Verifying        : pkgconf-m4-1.4.2-1.el8.noarch                        16/17 
  Verifying        : pkgconf-pkg-config-1.4.2-1.el8.ppc64le               17/17 

Installed:
  cpp-8.3.1-5.1.el8.ppc64le                                                     
  gcc-8.3.1-5.1.el8.ppc64le                                                     
  glibc-devel-2.28-127.el8.ppc64le                                              
  glibc-headers-2.28-127.el8.ppc64le                                            
  isl-0.16.1-6.el8.ppc64le                                                      
  kernel-headers-4.18.0-240.1.1.el8_3.ppc64le                                   
  libasan-8.3.1-5.1.el8.ppc64le                                                 
  libatomic-8.3.1-5.1.el8.ppc64le                                               
  libgomp-8.3.1-5.1.el8.ppc64le                                                 
  libmpc-1.0.2-9.el8.ppc64le                                                    
  libpkgconf-1.4.2-1.el8.ppc64le                                                
  libubsan-8.3.1-5.1.el8.ppc64le                                                
  libxcrypt-devel-4.1.1-4.el8.ppc64le                                           
  make-1:4.2.1-10.el8.ppc64le                                                   
  pkgconf-1.4.2-1.el8.ppc64le                                                   
  pkgconf-m4-1.4.2-1.el8.noarch                                                 
  pkgconf-pkg-config-1.4.2-1.el8.ppc64le                                        

Complete!
Last metadata expiration check: 0:00:45 ago on Thu Jan  7 03:20:43 2021.
Dependencies resolved.
================================================================================
 Package               Architecture  Version              Repository       Size
================================================================================
Installing:
 gcc-c++               ppc64le       8.3.1-5.1.el8        appstream        12 M
Installing dependencies:
 libstdc++-devel       ppc64le       8.3.1-5.1.el8        appstream       2.1 M

Transaction Summary
================================================================================
Install  2 Packages

Total download size: 15 M
Installed size: 41 M
Downloading Packages:
(1/2): libstdc++-devel-8.3.1-5.1.el8.ppc64le.rp 2.2 MB/s | 2.1 MB     00:00    
(2/2): gcc-c++-8.3.1-5.1.el8.ppc64le.rpm        7.1 MB/s |  12 MB     00:01    
--------------------------------------------------------------------------------
Total                                           1.9 MB/s |  15 MB     00:07     
Running transaction check
Transaction check succeeded.
Running transaction test
Transaction test succeeded.
Running transaction
  Preparing        :                                                        1/1 
  Installing       : libstdc++-devel-8.3.1-5.1.el8.ppc64le                  1/2 
  Installing       : gcc-c++-8.3.1-5.1.el8.ppc64le                          2/2 
  Running scriptlet: gcc-c++-8.3.1-5.1.el8.ppc64le                          2/2 
  Verifying        : gcc-c++-8.3.1-5.1.el8.ppc64le                          1/2 
  Verifying        : libstdc++-devel-8.3.1-5.1.el8.ppc64le                  2/2 

Installed:
  gcc-c++-8.3.1-5.1.el8.ppc64le      libstdc++-devel-8.3.1-5.1.el8.ppc64le     

Complete!
Last metadata expiration check: 0:00:58 ago on Thu Jan  7 03:20:43 2021.
Dependencies resolved.
================================================================================
 Package            Arch    Version                             Repo       Size
================================================================================
Installing:
 python36           ppc64le 3.6.8-2.module_el8.3.0+562+e162826a appstream  19 k
Installing dependencies:
 platform-python-pip
                    noarch  9.0.3-18.el8                        baseos    1.7 M
 python3-pip        noarch  9.0.3-18.el8                        appstream  20 k
 python3-setuptools noarch  39.2.0-6.el8                        baseos    163 k
Enabling module streams:
 python36                   3.6                                                

Transaction Summary
================================================================================
Install  4 Packages

Total download size: 1.9 M
Installed size: 7.6 M
Downloading Packages:
(1/4): python3-pip-9.0.3-18.el8.noarch.rpm      110 kB/s |  20 kB     00:00    
(2/4): python36-3.6.8-2.module_el8.3.0+562+e162 106 kB/s |  19 kB     00:00    
(3/4): python3-setuptools-39.2.0-6.el8.noarch.r 733 kB/s | 163 kB     00:00    
(4/4): platform-python-pip-9.0.3-18.el8.noarch. 1.6 MB/s | 1.7 MB     00:01    
--------------------------------------------------------------------------------
Total                                           1.3 MB/s | 1.9 MB     00:01     
Running transaction check
Transaction check succeeded.
Running transaction test
Transaction test succeeded.
Running transaction
  Preparing        :                                                        1/1 
  Installing       : python3-setuptools-39.2.0-6.el8.noarch                 1/4 
  Installing       : platform-python-pip-9.0.3-18.el8.noarch                2/4 
  Installing       : python36-3.6.8-2.module_el8.3.0+562+e162826a.ppc64le   3/4 
  Running scriptlet: python36-3.6.8-2.module_el8.3.0+562+e162826a.ppc64le   3/4 
  Installing       : python3-pip-9.0.3-18.el8.noarch                        4/4 
  Running scriptlet: python3-pip-9.0.3-18.el8.noarch                        4/4 
  Verifying        : python3-pip-9.0.3-18.el8.noarch                        1/4 
  Verifying        : python36-3.6.8-2.module_el8.3.0+562+e162826a.ppc64le   2/4 
  Verifying        : platform-python-pip-9.0.3-18.el8.noarch                3/4 
  Verifying        : python3-setuptools-39.2.0-6.el8.noarch                 4/4 

Installed:
  platform-python-pip-9.0.3-18.el8.noarch                                       
  python3-pip-9.0.3-18.el8.noarch                                               
  python3-setuptools-39.2.0-6.el8.noarch                                        
  python36-3.6.8-2.module_el8.3.0+562+e162826a.ppc64le                          

Complete!
Last metadata expiration check: 0:01:15 ago on Thu Jan  7 03:20:43 2021.
Dependencies resolved.
===========================================================================================
 Package                       Arch     Version                            Repo        Size
===========================================================================================
Installing:
 java-1.8.0-openjdk            ppc64le  1:1.8.0.272.b10-3.el8_3            appstream  355 k
Installing dependencies:
 alsa-lib                      ppc64le  1.2.3.2-1.el8                      appstream  521 k
 atk                           ppc64le  2.28.1-1.el8                       appstream  275 k
 avahi-libs                    ppc64le  0.7-19.el8                         baseos      66 k
 cairo                         ppc64le  1.15.12-3.el8                      appstream  775 k
 copy-jdk-configs              noarch   3.7-4.el8                          appstream   27 k
 cups-libs                     ppc64le  1:2.2.6-38.el8                     baseos     488 k
 dejavu-fonts-common           noarch   2.35-6.el8                         baseos      74 k
 dejavu-sans-fonts             noarch   2.35-6.el8                         baseos     1.5 M
 fontconfig                    ppc64le  2.13.1-3.el8                       baseos     295 k
 fontpackages-filesystem       noarch   1.44-22.el8                        baseos      16 k
 freetype                      ppc64le  2.9.1-4.el8_3.1                    baseos     430 k
 fribidi                       ppc64le  1.0.4-8.el8                        appstream   92 k
 gdk-pixbuf2                   ppc64le  2.36.12-5.el8                      baseos     472 k
 gdk-pixbuf2-modules           ppc64le  2.36.12-5.el8                      appstream  116 k
 giflib                        ppc64le  5.1.4-3.el8                        appstream   54 k
 graphite2                     ppc64le  1.3.10-10.el8                      appstream  129 k
 gtk-update-icon-cache         ppc64le  3.22.30-6.el8                      appstream   34 k
 harfbuzz                      ppc64le  1.7.5-3.el8                        appstream  314 k
 hicolor-icon-theme            noarch   0.17-2.el8                         appstream   49 k
 jasper-libs                   ppc64le  2.0.14-4.el8                       appstream  180 k
 java-1.8.0-openjdk-headless   ppc64le  1:1.8.0.272.b10-3.el8_3            appstream   33 M
 javapackages-filesystem       noarch   5.3.0-1.module_el8.0.0+11+5b8c10bd appstream   30 k
 jbigkit-libs                  ppc64le  2.1-14.el8                         appstream   57 k
 libX11                        ppc64le  1.6.8-3.el8                        appstream  651 k
 libX11-common                 noarch   1.6.8-3.el8                        appstream  158 k
 libXau                        ppc64le  1.0.9-3.el8                        appstream   38 k
 libXcomposite                 ppc64le  0.4.4-14.el8                       appstream   29 k
 libXcursor                    ppc64le  1.1.15-3.el8                       appstream   39 k
 libXdamage                    ppc64le  1.1.4-14.el8                       appstream   27 k
 libXext                       ppc64le  1.3.4-1.el8                        appstream   46 k
 libXfixes                     ppc64le  5.0.3-7.el8                        appstream   25 k
 libXft                        ppc64le  2.3.3-1.el8                        appstream   71 k
 libXi                         ppc64le  1.7.10-1.el8                       appstream   50 k
 libXinerama                   ppc64le  1.1.4-1.el8                        appstream   16 k
 libXrandr                     ppc64le  1.5.2-1.el8                        appstream   34 k
 libXrender                    ppc64le  0.9.10-7.el8                       appstream   34 k
 libXtst                       ppc64le  1.2.3-7.el8                        appstream   23 k
 libdatrie                     ppc64le  0.2.9-7.el8                        appstream   35 k
 libfontenc                    ppc64le  1.1.3-8.el8                        appstream   37 k
 libjpeg-turbo                 ppc64le  1.5.3-10.el8                       appstream  170 k
 libpng                        ppc64le  2:1.6.34-5.el8                     baseos     140 k
 libthai                       ppc64le  0.1.27-2.el8                       appstream  204 k
 libtiff                       ppc64le  4.0.9-18.el8                       appstream  198 k
 libxcb                        ppc64le  1.13.1-1.el8                       appstream  238 k
 lksctp-tools                  ppc64le  1.0.18-3.el8                       baseos     101 k
 lua                           ppc64le  5.3.4-11.el8                       appstream  202 k
 pango                         ppc64le  1.42.4-6.el8                       appstream  316 k
 pixman                        ppc64le  0.38.4-1.el8                       appstream  200 k
 shared-mime-info              ppc64le  1.9-3.el8                          baseos     331 k
 ttmkfdir                      ppc64le  3.0.9-54.el8                       appstream   62 k
 tzdata-java                   noarch   2020d-1.el8                        appstream  190 k
 xorg-x11-font-utils           ppc64le  1:7.5-40.el8                       appstream  111 k
 xorg-x11-fonts-Type1          noarch   7.5-19.el8                         appstream  522 k
Installing weak dependencies:
 gtk2                          ppc64le  2.24.32-4.el8                      appstream  3.6 M
Enabling module streams:
 javapackages-runtime                   201801                                             

Transaction Summary
===========================================================================================
Install  55 Packages

Total download size: 47 M
Installed size: 172 M
Downloading Packages:
(1/55): atk-2.28.1-1.el8.ppc64le.rpm            512 kB/s | 275 kB     00:00    
(2/55): alsa-lib-1.2.3.2-1.el8.ppc64le.rpm      863 kB/s | 521 kB     00:00    
(3/55): copy-jdk-configs-3.7-4.el8.noarch.rpm   151 kB/s |  27 kB     00:00    
(4/55): cairo-1.15.12-3.el8.ppc64le.rpm         993 kB/s | 775 kB     00:00    
(5/55): fribidi-1.0.4-8.el8.ppc64le.rpm         310 kB/s |  92 kB     00:00    
(6/55): gdk-pixbuf2-modules-2.36.12-5.el8.ppc64 393 kB/s | 116 kB     00:00    
(7/55): giflib-5.1.4-3.el8.ppc64le.rpm          229 kB/s |  54 kB     00:00    
(8/55): gtk-update-icon-cache-3.22.30-6.el8.ppc 142 kB/s |  34 kB     00:00    
(9/55): graphite2-1.3.10-10.el8.ppc64le.rpm     365 kB/s | 129 kB     00:00    
(10/55): hicolor-icon-theme-0.17-2.el8.noarch.r 202 kB/s |  49 kB     00:00    
(11/55): harfbuzz-1.7.5-3.el8.ppc64le.rpm       587 kB/s | 314 kB     00:00    
(12/55): jasper-libs-2.0.14-4.el8.ppc64le.rpm   467 kB/s | 180 kB     00:00    
(13/55): gtk2-2.24.32-4.el8.ppc64le.rpm         3.3 MB/s | 3.6 MB     00:01    
(14/55): java-1.8.0-openjdk-1.8.0.272.b10-3.el8 736 kB/s | 355 kB     00:00    
(15/55): javapackages-filesystem-5.3.0-1.module 158 kB/s |  30 kB     00:00    
(16/55): jbigkit-libs-2.1-14.el8.ppc64le.rpm    245 kB/s |  57 kB     00:00    
(17/55): libX11-common-1.6.8-3.el8.noarch.rpm   387 kB/s | 158 kB     00:00    
(18/55): libX11-1.6.8-3.el8.ppc64le.rpm         932 kB/s | 651 kB     00:00    
(19/55): libXau-1.0.9-3.el8.ppc64le.rpm         157 kB/s |  38 kB     00:00    
(20/55): libXcomposite-0.4.4-14.el8.ppc64le.rpm 164 kB/s |  29 kB     00:00    
(21/55): libXdamage-1.1.4-14.el8.ppc64le.rpm    139 kB/s |  27 kB     00:00    
(22/55): libXcursor-1.1.15-3.el8.ppc64le.rpm    142 kB/s |  39 kB     00:00    
(23/55): libXfixes-5.0.3-7.el8.ppc64le.rpm       97 kB/s |  25 kB     00:00    
(24/55): libXext-1.3.4-1.el8.ppc64le.rpm        139 kB/s |  46 kB     00:00    
(25/55): java-1.8.0-openjdk-headless-1.8.0.272.  15 MB/s |  33 MB     00:02    
(26/55): libXi-1.7.10-1.el8.ppc64le.rpm         130 kB/s |  50 kB     00:00    
(27/55): libXft-2.3.3-1.el8.ppc64le.rpm         179 kB/s |  71 kB     00:00    
(28/55): libXinerama-1.1.4-1.el8.ppc64le.rpm     83 kB/s |  16 kB     00:00    
(29/55): libXrandr-1.5.2-1.el8.ppc64le.rpm      139 kB/s |  34 kB     00:00    
(30/55): libXrender-0.9.10-7.el8.ppc64le.rpm    140 kB/s |  34 kB     00:00    
(31/55): libXtst-1.2.3-7.el8.ppc64le.rpm        133 kB/s |  23 kB     00:00    
(32/55): libdatrie-0.2.9-7.el8.ppc64le.rpm      148 kB/s |  35 kB     00:00    
(33/55): libfontenc-1.1.3-8.el8.ppc64le.rpm     150 kB/s |  37 kB     00:00    
(34/55): libjpeg-turbo-1.5.3-10.el8.ppc64le.rpm 485 kB/s | 170 kB     00:00    
(35/55): libthai-0.1.27-2.el8.ppc64le.rpm       565 kB/s | 204 kB     00:00    
(36/55): libtiff-4.0.9-18.el8.ppc64le.rpm       488 kB/s | 198 kB     00:00    
(37/55): libxcb-1.13.1-1.el8.ppc64le.rpm        584 kB/s | 238 kB     00:00    
(38/55): lua-5.3.4-11.el8.ppc64le.rpm           485 kB/s | 202 kB     00:00    
(39/55): pango-1.42.4-6.el8.ppc64le.rpm         664 kB/s | 316 kB     00:00    
(40/55): ttmkfdir-3.0.9-54.el8.ppc64le.rpm      259 kB/s |  62 kB     00:00    
(41/55): pixman-0.38.4-1.el8.ppc64le.rpm        423 kB/s | 200 kB     00:00    
(42/55): tzdata-java-2020d-1.el8.noarch.rpm     449 kB/s | 190 kB     00:00    
(43/55): xorg-x11-font-utils-7.5-40.el8.ppc64le 314 kB/s | 111 kB     00:00    
(44/55): avahi-libs-0.7-19.el8.ppc64le.rpm      283 kB/s |  66 kB     00:00    
(45/55): dejavu-fonts-common-2.35-6.el8.noarch. 737 kB/s |  74 kB     00:00    
(46/55): xorg-x11-fonts-Type1-7.5-19.el8.noarch 884 kB/s | 522 kB     00:00    
(47/55): cups-libs-2.2.6-38.el8.ppc64le.rpm     1.4 MB/s | 488 kB     00:00    
(48/55): fontpackages-filesystem-1.44-22.el8.no 325 kB/s |  16 kB     00:00    
(49/55): dejavu-sans-fonts-2.35-6.el8.noarch.rp 4.4 MB/s | 1.5 MB     00:00    
(50/55): fontconfig-2.13.1-3.el8.ppc64le.rpm    688 kB/s | 295 kB     00:00    
(51/55): gdk-pixbuf2-2.36.12-5.el8.ppc64le.rpm  1.8 MB/s | 472 kB     00:00    
(52/55): freetype-2.9.1-4.el8_3.1.ppc64le.rpm   877 kB/s | 430 kB     00:00    
(53/55): libpng-1.6.34-5.el8.ppc64le.rpm        1.0 MB/s | 140 kB     00:00    
(54/55): lksctp-tools-1.0.18-3.el8.ppc64le.rpm  2.0 MB/s | 101 kB     00:00    
(55/55): shared-mime-info-1.9-3.el8.ppc64le.rpm 4.2 MB/s | 331 kB     00:00    
--------------------------------------------------------------------------------
Total                                           3.7 MB/s |  47 MB     00:12     
Running transaction check
Transaction check succeeded.
Running transaction test
Transaction test succeeded.
Running transaction
  Running scriptlet: copy-jdk-configs-3.7-4.el8.noarch                      1/1 
  Running scriptlet: java-1.8.0-openjdk-headless-1:1.8.0.272.b10-3.el8_3.   1/1 
  Preparing        :                                                        1/1 
  Installing       : libpng-2:1.6.34-5.el8.ppc64le                         1/55 
  Installing       : freetype-2.9.1-4.el8_3.1.ppc64le                      2/55 
  Installing       : libjpeg-turbo-1.5.3-10.el8.ppc64le                    3/55 
  Installing       : fontpackages-filesystem-1.44-22.el8.noarch            4/55 
  Installing       : dejavu-fonts-common-2.35-6.el8.noarch                 5/55 
  Installing       : dejavu-sans-fonts-2.35-6.el8.noarch                   6/55 
  Installing       : fontconfig-2.13.1-3.el8.ppc64le                       7/55 
  Running scriptlet: fontconfig-2.13.1-3.el8.ppc64le                       7/55 
  Installing       : jasper-libs-2.0.14-4.el8.ppc64le                      8/55 
  Installing       : ttmkfdir-3.0.9-54.el8.ppc64le                         9/55 
  Installing       : shared-mime-info-1.9-3.el8.ppc64le                   10/55 
  Running scriptlet: shared-mime-info-1.9-3.el8.ppc64le                   10/55 
  Installing       : gdk-pixbuf2-2.36.12-5.el8.ppc64le                    11/55 
  Running scriptlet: gdk-pixbuf2-2.36.12-5.el8.ppc64le                    11/55 
  Installing       : gtk-update-icon-cache-3.22.30-6.el8.ppc64le          12/55 
  Installing       : lksctp-tools-1.0.18-3.el8.ppc64le                    13/55 
  Running scriptlet: lksctp-tools-1.0.18-3.el8.ppc64le                    13/55 
  Installing       : avahi-libs-0.7-19.el8.ppc64le                        14/55 
  Installing       : cups-libs-1:2.2.6-38.el8.ppc64le                     15/55 
  Installing       : tzdata-java-2020d-1.el8.noarch                       16/55 
  Installing       : pixman-0.38.4-1.el8.ppc64le                          17/55 
  Installing       : lua-5.3.4-11.el8.ppc64le                             18/55 
  Installing       : copy-jdk-configs-3.7-4.el8.noarch                    19/55 
  Installing       : libfontenc-1.1.3-8.el8.ppc64le                       20/55 
  Installing       : xorg-x11-font-utils-1:7.5-40.el8.ppc64le             21/55 
  Installing       : xorg-x11-fonts-Type1-7.5-19.el8.noarch               22/55 
  Running scriptlet: xorg-x11-fonts-Type1-7.5-19.el8.noarch               22/55 
  Installing       : libdatrie-0.2.9-7.el8.ppc64le                        23/55 
  Running scriptlet: libdatrie-0.2.9-7.el8.ppc64le                        23/55 
  Installing       : libthai-0.1.27-2.el8.ppc64le                         24/55 
  Running scriptlet: libthai-0.1.27-2.el8.ppc64le                         24/55 
  Installing       : libXau-1.0.9-3.el8.ppc64le                           25/55 
  Installing       : libxcb-1.13.1-1.el8.ppc64le                          26/55 
  Installing       : libX11-common-1.6.8-3.el8.noarch                     27/55 
  Installing       : libX11-1.6.8-3.el8.ppc64le                           28/55 
  Installing       : libXext-1.3.4-1.el8.ppc64le                          29/55 
  Installing       : libXrender-0.9.10-7.el8.ppc64le                      30/55 
  Installing       : libXi-1.7.10-1.el8.ppc64le                           31/55 
  Installing       : libXfixes-5.0.3-7.el8.ppc64le                        32/55 
  Installing       : cairo-1.15.12-3.el8.ppc64le                          33/55 
  Installing       : libXcomposite-0.4.4-14.el8.ppc64le                   34/55 
  Installing       : libXcursor-1.1.15-3.el8.ppc64le                      35/55 
  Installing       : libXdamage-1.1.4-14.el8.ppc64le                      36/55 
  Installing       : libXtst-1.2.3-7.el8.ppc64le                          37/55 
  Installing       : libXft-2.3.3-1.el8.ppc64le                           38/55 
  Installing       : libXrandr-1.5.2-1.el8.ppc64le                        39/55 
  Installing       : libXinerama-1.1.4-1.el8.ppc64le                      40/55 
  Installing       : jbigkit-libs-2.1-14.el8.ppc64le                      41/55 
  Running scriptlet: jbigkit-libs-2.1-14.el8.ppc64le                      41/55 
  Installing       : libtiff-4.0.9-18.el8.ppc64le                         42/55 
  Installing       : gdk-pixbuf2-modules-2.36.12-5.el8.ppc64le            43/55 
  Installing       : javapackages-filesystem-5.3.0-1.module_el8.0.0+11+   44/55 
  Installing       : java-1.8.0-openjdk-headless-1:1.8.0.272.b10-3.el8_   45/55 
  Running scriptlet: java-1.8.0-openjdk-headless-1:1.8.0.272.b10-3.el8_   45/55 
  Installing       : hicolor-icon-theme-0.17-2.el8.noarch                 46/55 
  Installing       : graphite2-1.3.10-10.el8.ppc64le                      47/55 
  Installing       : harfbuzz-1.7.5-3.el8.ppc64le                         48/55 
  Running scriptlet: harfbuzz-1.7.5-3.el8.ppc64le                         48/55 
  Installing       : giflib-5.1.4-3.el8.ppc64le                           49/55 
  Installing       : fribidi-1.0.4-8.el8.ppc64le                          50/55 
  Installing       : pango-1.42.4-6.el8.ppc64le                           51/55 
  Running scriptlet: pango-1.42.4-6.el8.ppc64le                           51/55 
  Installing       : atk-2.28.1-1.el8.ppc64le                             52/55 
  Installing       : gtk2-2.24.32-4.el8.ppc64le                           53/55 
  Running scriptlet: gtk2-2.24.32-4.el8.ppc64le                           53/55 
  Installing       : alsa-lib-1.2.3.2-1.el8.ppc64le                       54/55 
  Running scriptlet: alsa-lib-1.2.3.2-1.el8.ppc64le                       54/55 
  Installing       : java-1.8.0-openjdk-1:1.8.0.272.b10-3.el8_3.ppc64le   55/55 
  Running scriptlet: java-1.8.0-openjdk-1:1.8.0.272.b10-3.el8_3.ppc64le   55/55 
  Running scriptlet: copy-jdk-configs-3.7-4.el8.noarch                    55/55 
  Running scriptlet: java-1.8.0-openjdk-1:1.8.0.272.b10-3.el8_3.ppc64le   55/55 
  Running scriptlet: fontconfig-2.13.1-3.el8.ppc64le                      55/55 
  Running scriptlet: shared-mime-info-1.9-3.el8.ppc64le                   55/55 
  Running scriptlet: gdk-pixbuf2-2.36.12-5.el8.ppc64le                    55/55 
  Running scriptlet: hicolor-icon-theme-0.17-2.el8.noarch                 55/55 
  Verifying        : alsa-lib-1.2.3.2-1.el8.ppc64le                        1/55 
  Verifying        : atk-2.28.1-1.el8.ppc64le                              2/55 
  Verifying        : cairo-1.15.12-3.el8.ppc64le                           3/55 
  Verifying        : copy-jdk-configs-3.7-4.el8.noarch                     4/55 
  Verifying        : fribidi-1.0.4-8.el8.ppc64le                           5/55 
  Verifying        : gdk-pixbuf2-modules-2.36.12-5.el8.ppc64le             6/55 
  Verifying        : giflib-5.1.4-3.el8.ppc64le                            7/55 
  Verifying        : graphite2-1.3.10-10.el8.ppc64le                       8/55 
  Verifying        : gtk-update-icon-cache-3.22.30-6.el8.ppc64le           9/55 
  Verifying        : gtk2-2.24.32-4.el8.ppc64le                           10/55 
  Verifying        : harfbuzz-1.7.5-3.el8.ppc64le                         11/55 
  Verifying        : hicolor-icon-theme-0.17-2.el8.noarch                 12/55 
  Verifying        : jasper-libs-2.0.14-4.el8.ppc64le                     13/55 
  Verifying        : java-1.8.0-openjdk-1:1.8.0.272.b10-3.el8_3.ppc64le   14/55 
  Verifying        : java-1.8.0-openjdk-headless-1:1.8.0.272.b10-3.el8_   15/55 
  Verifying        : javapackages-filesystem-5.3.0-1.module_el8.0.0+11+   16/55 
  Verifying        : jbigkit-libs-2.1-14.el8.ppc64le                      17/55 
  Verifying        : libX11-1.6.8-3.el8.ppc64le                           18/55 
  Verifying        : libX11-common-1.6.8-3.el8.noarch                     19/55 
  Verifying        : libXau-1.0.9-3.el8.ppc64le                           20/55 
  Verifying        : libXcomposite-0.4.4-14.el8.ppc64le                   21/55 
  Verifying        : libXcursor-1.1.15-3.el8.ppc64le                      22/55 
  Verifying        : libXdamage-1.1.4-14.el8.ppc64le                      23/55 
  Verifying        : libXext-1.3.4-1.el8.ppc64le                          24/55 
  Verifying        : libXfixes-5.0.3-7.el8.ppc64le                        25/55 
  Verifying        : libXft-2.3.3-1.el8.ppc64le                           26/55 
  Verifying        : libXi-1.7.10-1.el8.ppc64le                           27/55 
  Verifying        : libXinerama-1.1.4-1.el8.ppc64le                      28/55 
  Verifying        : libXrandr-1.5.2-1.el8.ppc64le                        29/55 
  Verifying        : libXrender-0.9.10-7.el8.ppc64le                      30/55 
  Verifying        : libXtst-1.2.3-7.el8.ppc64le                          31/55 
  Verifying        : libdatrie-0.2.9-7.el8.ppc64le                        32/55 
  Verifying        : libfontenc-1.1.3-8.el8.ppc64le                       33/55 
  Verifying        : libjpeg-turbo-1.5.3-10.el8.ppc64le                   34/55 
  Verifying        : libthai-0.1.27-2.el8.ppc64le                         35/55 
  Verifying        : libtiff-4.0.9-18.el8.ppc64le                         36/55 
  Verifying        : libxcb-1.13.1-1.el8.ppc64le                          37/55 
  Verifying        : lua-5.3.4-11.el8.ppc64le                             38/55 
  Verifying        : pango-1.42.4-6.el8.ppc64le                           39/55 
  Verifying        : pixman-0.38.4-1.el8.ppc64le                          40/55 
  Verifying        : ttmkfdir-3.0.9-54.el8.ppc64le                        41/55 
  Verifying        : tzdata-java-2020d-1.el8.noarch                       42/55 
  Verifying        : xorg-x11-font-utils-1:7.5-40.el8.ppc64le             43/55 
  Verifying        : xorg-x11-fonts-Type1-7.5-19.el8.noarch               44/55 
  Verifying        : avahi-libs-0.7-19.el8.ppc64le                        45/55 
  Verifying        : cups-libs-1:2.2.6-38.el8.ppc64le                     46/55 
  Verifying        : dejavu-fonts-common-2.35-6.el8.noarch                47/55 
  Verifying        : dejavu-sans-fonts-2.35-6.el8.noarch                  48/55 
  Verifying        : fontconfig-2.13.1-3.el8.ppc64le                      49/55 
  Verifying        : fontpackages-filesystem-1.44-22.el8.noarch           50/55 
  Verifying        : freetype-2.9.1-4.el8_3.1.ppc64le                     51/55 
  Verifying        : gdk-pixbuf2-2.36.12-5.el8.ppc64le                    52/55 
  Verifying        : libpng-2:1.6.34-5.el8.ppc64le                        53/55 
  Verifying        : lksctp-tools-1.0.18-3.el8.ppc64le                    54/55 
  Verifying        : shared-mime-info-1.9-3.el8.ppc64le                   55/55 

Installed:
  alsa-lib-1.2.3.2-1.el8.ppc64le                                                
  atk-2.28.1-1.el8.ppc64le                                                      
  avahi-libs-0.7-19.el8.ppc64le                                                 
  cairo-1.15.12-3.el8.ppc64le                                                   
  copy-jdk-configs-3.7-4.el8.noarch                                             
  cups-libs-1:2.2.6-38.el8.ppc64le                                              
  dejavu-fonts-common-2.35-6.el8.noarch                                         
  dejavu-sans-fonts-2.35-6.el8.noarch                                           
  fontconfig-2.13.1-3.el8.ppc64le                                               
  fontpackages-filesystem-1.44-22.el8.noarch                                    
  freetype-2.9.1-4.el8_3.1.ppc64le                                              
  fribidi-1.0.4-8.el8.ppc64le                                                   
  gdk-pixbuf2-2.36.12-5.el8.ppc64le                                             
  gdk-pixbuf2-modules-2.36.12-5.el8.ppc64le                                     
  giflib-5.1.4-3.el8.ppc64le                                                    
  graphite2-1.3.10-10.el8.ppc64le                                               
  gtk-update-icon-cache-3.22.30-6.el8.ppc64le                                   
  gtk2-2.24.32-4.el8.ppc64le                                                    
  harfbuzz-1.7.5-3.el8.ppc64le                                                  
  hicolor-icon-theme-0.17-2.el8.noarch                                          
  jasper-libs-2.0.14-4.el8.ppc64le                                              
  java-1.8.0-openjdk-1:1.8.0.272.b10-3.el8_3.ppc64le                            
  java-1.8.0-openjdk-headless-1:1.8.0.272.b10-3.el8_3.ppc64le                   
  javapackages-filesystem-5.3.0-1.module_el8.0.0+11+5b8c10bd.noarch             
  jbigkit-libs-2.1-14.el8.ppc64le                                               
  libX11-1.6.8-3.el8.ppc64le                                                    
  libX11-common-1.6.8-3.el8.noarch                                              
  libXau-1.0.9-3.el8.ppc64le                                                    
  libXcomposite-0.4.4-14.el8.ppc64le                                            
  libXcursor-1.1.15-3.el8.ppc64le                                               
  libXdamage-1.1.4-14.el8.ppc64le                                               
  libXext-1.3.4-1.el8.ppc64le                                                   
  libXfixes-5.0.3-7.el8.ppc64le                                                 
  libXft-2.3.3-1.el8.ppc64le                                                    
  libXi-1.7.10-1.el8.ppc64le                                                    
  libXinerama-1.1.4-1.el8.ppc64le                                               
  libXrandr-1.5.2-1.el8.ppc64le                                                 
  libXrender-0.9.10-7.el8.ppc64le                                               
  libXtst-1.2.3-7.el8.ppc64le                                                   
  libdatrie-0.2.9-7.el8.ppc64le                                                 
  libfontenc-1.1.3-8.el8.ppc64le                                                
  libjpeg-turbo-1.5.3-10.el8.ppc64le                                            
  libpng-2:1.6.34-5.el8.ppc64le                                                 
  libthai-0.1.27-2.el8.ppc64le                                                  
  libtiff-4.0.9-18.el8.ppc64le                                                  
  libxcb-1.13.1-1.el8.ppc64le                                                   
  lksctp-tools-1.0.18-3.el8.ppc64le                                             
  lua-5.3.4-11.el8.ppc64le                                                      
  pango-1.42.4-6.el8.ppc64le                                                    
  pixman-0.38.4-1.el8.ppc64le                                                   
  shared-mime-info-1.9-3.el8.ppc64le                                            
  ttmkfdir-3.0.9-54.el8.ppc64le                                                 
  tzdata-java-2020d-1.el8.noarch                                                
  xorg-x11-font-utils-1:7.5-40.el8.ppc64le                                      
  xorg-x11-fonts-Type1-7.5-19.el8.noarch                                        

Complete!
Last metadata expiration check: 0:04:42 ago on Thu Jan  7 03:20:43 2021.
Dependencies resolved.
Nothing to do.
Complete!
c2550696a95a766384d8eba2a74010208c0b42ae3d98a5c570c4baa5bf25b40f
STEP 9: RUN curl -o- https://raw.githubusercontent.com/nvm-sh/nvm/v0.34.0/install.sh | bash
  % Total    % Received % Xferd  Average Speed   Time    Time     Time  Current
                                 Dload  Upload   Total   Spent    Left  Speed
  0     0    0     0    0     0      0      0 --:--:-- --:--:-- --:--:--     0  0     0    0     0    0     0      0      0 --:--:--  0:00:01 --:--:--     0  0     0    0     0    0     0      0      0 --:--:--  0:00:02 --:--:--     0  0     0    0     0    0     0      0      0 --:--:--  0:00:03 --:--:--     0  0     0    0     0    0     0      0      0 --:--:--  0:00:04 --:--:--     0  0     0    0     0    0     0      0      0 --:--:--  0:00:05 --:--:--     0100 13226  100 13226    0     0   2587      0  0:00:05  0:00:05 --:--:--  3272
=> Downloading nvm as script to '/root/.nvm'

=> Appending nvm source string to /root/.bashrc
=> Appending bash_completion source string to /root/.bashrc
=> Close and reopen your terminal to start using nvm or run the following to use it now:

export NVM_DIR="$HOME/.nvm"
[ -s "$NVM_DIR/nvm.sh" ] && \. "$NVM_DIR/nvm.sh"  # This loads nvm
[ -s "$NVM_DIR/bash_completion" ] && \. "$NVM_DIR/bash_completion"  # This loads nvm bash_completion
a7fffb784ea814c3c8d5ce7108305aaa0dfe2182e092924d62e076789afbe55a
STEP 10: RUN source $HOME/.bashrc && nvm install 15
Downloading and installing node v15.5.1...
Downloading https://nodejs.org/dist/v15.5.1/node-v15.5.1-linux-ppc64le.tar.gz...
#                                                                          2.6%#########################                                                 35.3%#################################################                         69.3%######################################################################## 100.0%
Computing checksum with sha256sum
Checksums matched!
Now using node v15.5.1 (npm v7.3.0)
Creating default alias: default -> 15 (-> v15.5.1 *)
9eb21e072e361df0f64429d03c823c8948c287ec1d1b15a30e588f4fedc511fd
STEP 11: RUN node -v
v10.21.0
9f12b331f574a2a5f4bb60d815c1e27c78141786a7a2206b7cf6daa352eb2ab3
STEP 12: RUN npm -v
6.14.4
db21d7db838712442b919bcc896a68e3dabb1b424020c6782e5a9f0371ad5b7b
STEP 13: WORKDIR /usr/src/app
3c820e020aba6513b6fbbc7e7616b42aa0c932f5f10162e0dbc0a81eca96ed48
STEP 14: COPY package*.json ./
9c4dfed4b0e451ddde516db3966ba733dab3655860363aad0a319cade58b8a49
STEP 15: COPY ibm-iaccess-1.1.0.14-1.0.ppc64le.rpm ./
f9fe08025fcdbb9de8b250bcbe4cb743ab96b03b5a356272a90169391062c560
STEP 16: RUN yum install -y ibm-iaccess-1.1.0.14-1.0.ppc64le.rpm ;yum install -y unixODBC unixODBC-devel
Last metadata expiration check: 0:17:12 ago on Thu Jan  7 03:20:43 2021.
Dependencies resolved.
================================================================================
 Package            Architecture  Version              Repository          Size
================================================================================
Installing:
 ibm-iaccess        ppc64le       1.1.0.14-1.0         @commandline       1.1 M
Installing dependencies:
 libtool-ltdl       ppc64le       2.4.6-25.el8         baseos              62 k
 unixODBC           ppc64le       2.3.7-1.el8          appstream          466 k

Transaction Summary
================================================================================
Install  3 Packages

Total size: 1.6 M
Total download size: 528 k
Installed size: 10 M
Downloading Packages:
(1/2): libtool-ltdl-2.4.6-25.el8.ppc64le.rpm    353 kB/s |  62 kB     00:00    
(2/2): unixODBC-2.3.7-1.el8.ppc64le.rpm         765 kB/s | 466 kB     00:00    
--------------------------------------------------------------------------------
Total                                            74 kB/s | 528 kB     00:07     
Running transaction check
Transaction check succeeded.
Running transaction test
Transaction test succeeded.
Running transaction
  Preparing        :                                                        1/1 
  Installing       : libtool-ltdl-2.4.6-25.el8.ppc64le                      1/3 
  Running scriptlet: libtool-ltdl-2.4.6-25.el8.ppc64le                      1/3 
  Installing       : unixODBC-2.3.7-1.el8.ppc64le                           2/3 
  Running scriptlet: unixODBC-2.3.7-1.el8.ppc64le                           2/3 
  Running scriptlet: ibm-iaccess-1.1.0.14-1.0.ppc64le                       3/3 
  Installing       : ibm-iaccess-1.1.0.14-1.0.ppc64le                       3/3 
  Running scriptlet: ibm-iaccess-1.1.0.14-1.0.ppc64le                       3/3 
  Verifying        : unixODBC-2.3.7-1.el8.ppc64le                           1/3 
  Verifying        : libtool-ltdl-2.4.6-25.el8.ppc64le                      2/3 
  Verifying        : ibm-iaccess-1.1.0.14-1.0.ppc64le                       3/3 

Installed:
  ibm-iaccess-1.1.0.14-1.0.ppc64le       libtool-ltdl-2.4.6-25.el8.ppc64le      
  unixODBC-2.3.7-1.el8.ppc64le          

Complete!
Last metadata expiration check: 0:18:34 ago on Thu Jan  7 03:20:43 2021.
Package unixODBC-2.3.7-1.el8.ppc64le is already installed.
Dependencies resolved.
================================================================================
 Package               Architecture   Version            Repository        Size
================================================================================
Installing:
 unixODBC-devel        ppc64le        2.3.7-1.el8        appstream         63 k

Transaction Summary
================================================================================
Install  1 Package

Total download size: 63 k
Installed size: 194 k
Downloading Packages:
unixODBC-devel-2.3.7-1.el8.ppc64le.rpm          196 kB/s |  63 kB     00:00    
--------------------------------------------------------------------------------
Total                                            11 kB/s |  63 kB     00:05     
Running transaction check
Transaction check succeeded.
Running transaction test
Transaction test succeeded.
Running transaction
  Preparing        :                                                        1/1 
  Installing       : unixODBC-devel-2.3.7-1.el8.ppc64le                     1/1 
  Running scriptlet: unixODBC-devel-2.3.7-1.el8.ppc64le                     1/1 
  Verifying        : unixODBC-devel-2.3.7-1.el8.ppc64le                     1/1 

Installed:
  unixODBC-devel-2.3.7-1.el8.ppc64le                                            

Complete!
30b90bad0ab852af543c462ea7252205e4d1c119ad21cd9c7a047d61e668381a
STEP 17: RUN npm_config_user=root npm --registry https://registry.npmjs.org/ install -g odbc

> odbc@2.3.5 install /usr/local/lib/node_modules/odbc
> node-pre-gyp install --fallback-to-build

node-pre-gyp WARN Using needle for node-pre-gyp https download 
node-pre-gyp WARN Tried to download(404): https://github.com/markdirish/node-odbc/releases/download/v2.3.5/odbc-v2.3.5-linux-ppc64-napi-v3.tar.gz 
node-pre-gyp WARN Pre-built binaries not found for odbc@2.3.5 and node@10.21.0 (node-v64 ABI, glibc) (falling back to source compile with node-gyp) 
make: Entering directory '/usr/local/lib/node_modules/odbc/build'
  CXX(target) Release/obj.target/odbc/src/odbc.o
  CXX(target) Release/obj.target/odbc/src/odbc_connection.o
../src/odbc_connection.cpp: In member function 'Napi::Array ODBCConnection::ProcessDataForNapi(Napi::Env, QueryData*, Napi::Reference<Napi::Array>*)':
../src/odbc_connection.cpp:362:13: warning: this statement may fall through [-Wimplicit-fallthrough=]
             switch(columns[j]->bind_type) {
             ^~~~~~
../src/odbc_connection.cpp:372:11: note: here
           case SQL_FLOAT:
           ^~~~
  CXX(target) Release/obj.target/odbc/src/odbc_statement.o
  CXX(target) Release/obj.target/odbc/src/dynodbc.o
  SOLINK_MODULE(target) Release/obj.target/odbc.node
  COPY Release/odbc.node
  COPY /usr/local/lib/node_modules/odbc/lib/bindings/napi-v3/odbc.node
  TOUCH Release/obj.target/action_after_build.stamp
make: Leaving directory '/usr/local/lib/node_modules/odbc/build'
+ odbc@2.3.5
added 69 packages from 74 contributors in 22.497s
940cbf7ffeab906ecf5d5d89cbd0caf3237be4f3cc42145e11abd23c478acdf3
STEP 18: RUN npm --registry http://registry.npmjs.org/ install -g pug express body-parser
+ body-parser@1.19.0
+ pug@3.0.0
+ express@4.17.1
added 107 packages from 52 contributors in 190.142s
14e98be073bc1804128537ae9577d5554061385c860fbe89cf42dbcf0f9316ac
STEP 19: COPY . .
e449432829668773f5019bcb07d9417d189a22f1d045a1e658a7be162f6a49c8
STEP 20: EXPOSE 8080
658faf5b129f2bee6ac9824c7a4e623c9d801ae8032ab4010c0e69166ff8866e
STEP 21: CMD ["node","index.js"]
ce5b965c4d03c136922d55ec072afeb74d0a7d5e1450d57b970ecdb1f49b954f
STEP 22: CMD ["node","database.js"]
b1ce2ef1ebb6c1c0d76eb890a6ce7629a4ec2834ed8e3a1ec6fd5393e17faaf4
STEP 23: ENV "OPENSHIFT_BUILD_NAME"="p360-nodejs-3" "OPENSHIFT_BUILD_NAMESPACE"="eu-team9" "OPENSHIFT_BUILD_SOURCE"="https://github.com/CoreHive/redhatchallenge.git" "OPENSHIFT_BUILD_COMMIT"="14219e84993f04d57543afe189eb1c94292c67ab"
c84176edfbf44b411871d99312943b30165ab684ad46e91736b6c49d7ed2a84a
STEP 24: LABEL "io.openshift.build.commit.author"="Madhu Konidena \u003cmkonidena@Madhus-MBP.fios-router.home\u003e" "io.openshift.build.commit.date"="Wed Jan 6 21:38:21 2021 -0500" "io.openshift.build.commit.id"="14219e84993f04d57543afe189eb1c94292c67ab" "io.openshift.build.commit.message"="redhat-challange9" "io.openshift.build.commit.ref"="HEAD" "io.openshift.build.name"="p360-nodejs-3" "io.openshift.build.namespace"="eu-team9" "io.openshift.build.source-context-dir"="/" "io.openshift.build.source-location"="https://github.com/CoreHive/redhatchallenge.git"
STEP 25: COMMIT temp.builder.openshift.io/eu-team9/p360-nodejs-3:f68a3b3f
64310097f5500a436755242bf3afa69491e7f1a1e0124da22de7fbfb999320ac
64310097f5500a436755242bf3afa69491e7f1a1e0124da22de7fbfb999320ac

Pushing image image-registry.openshift-image-registry.svc:5000/eu-team9/p360-nodejs:latest ...
Getting image source signatures
Copying blob sha256:fb23a29c4f82dca892243e2c724230b5c8a225b9290069b828335187643651f1
Copying blob sha256:174068b340338c19802a9d6e9144cb20343a676e563bdf5a43f940677dbdac9b
Copying blob sha256:927c7a0cbde74e4a57eb0cab734c24d6fc34f6af39ff7562edb07b9b323eb05d
Copying blob sha256:83e5f41ca3e858ec81a1cfe850740f2912196c3d0ce24e3ea232a681fc224300
Copying blob sha256:25946da8a881035878c9ab24927fe7d9dc8817fc325bcd9c9a4b053118722fbc
Copying blob sha256:40b1228d7a812a8928f0252ea5c759b2bc3eb5e3ae8e037b1405422b87f670af
Copying blob sha256:2fe2748b64f1294f2f073811fcda323c378578ed33bebbf21cae58bc8545948d
Copying blob sha256:e78371fbce9c5c8a3fdcbc902c787b07e2867af7fa32e1851a1e5acbeb14b03a
Copying blob sha256:bb3f21322ab2270c46d805ebe1545d4de7d229706fa002ec9f4d870ed4f1ed31
Copying blob sha256:a9333534a8c98ad8db40519a0dbf00b5cebda7dabc9e428900075cf4f698cfa3
Copying blob sha256:f0beea55e36eb18ab4b22b4f84ca4de4d5c2231f8f587f3c01e7e6a92eb11fd3
Copying blob sha256:57411fbdc1b9ca29aecab64aad911aa573ab996a9bc5fc6156f85af58c6054d5
Copying blob sha256:0016f83fab9707b95c1d5c909c0c6905a53fdac293d6c5c6e869f92a0d52a9a0
Copying blob sha256:4f824a4f157617fd12c718400e66e9804b40e3eee7d53c47c65f4ca9f546322d
Copying config sha256:64310097f5500a436755242bf3afa69491e7f1a1e0124da22de7fbfb999320ac
Writing manifest to image destination
Storing signatures
Successfully pushed image-registry.openshift-image-registry.svc:5000/eu-team9/p360-nodejs@sha256:db1e1aeebbc96fef5d8faa47d4ee1f273da41a4a3bf060fb1ecdf959a74a015c
Push successful
